Warning[205] C:\USERS\USER\DOCUMENTS\..USB\8° TRIMESTRE\LAB DE MICRO\ASSEMBLER\P2.X\MAIN.ASM 2 : Found directive in column 1. (__CONFIG)
Warning[205] C:\USERS\USER\DOCUMENTS\..USB\8° TRIMESTRE\LAB DE MICRO\ASSEMBLER\P2.X\MAIN.ASM 3 : Found directive in column 1. (LIST)
Warning[205] C:\USERS\USER\DOCUMENTS\..USB\8° TRIMESTRE\LAB DE MICRO\ASSEMBLER\P2.X\MAIN.ASM 4 : Found directive in column 1. (ORG)
Warning[205] C:\USERS\USER\DOCUMENTS\..USB\8° TRIMESTRE\LAB DE MICRO\ASSEMBLER\P2.X\MAIN.ASM 5 : Found directive in column 1. (CBLOCK)
Warning[205] C:\USERS\USER\DOCUMENTS\..USB\8° TRIMESTRE\LAB DE MICRO\ASSEMBLER\P2.X\MAIN.ASM 11 : Found directive in column 1. (ENDC)
Warning[203] C:\USERS\USER\DOCUMENTS\..USB\8° TRIMESTRE\LAB DE MICRO\ASSEMBLER\P2.X\MAIN.ASM 13 : Found opcode in column 1. (BSF)
Warning[203] C:\USERS\USER\DOCUMENTS\..USB\8° TRIMESTRE\LAB DE MICRO\ASSEMBLER\P2.X\MAIN.ASM 14 : Found opcode in column 1. (CLRF)
Message[302] C:\USERS\USER\DOCUMENTS\..USB\8° TRIMESTRE\LAB DE MICRO\ASSEMBLER\P2.X\MAIN.ASM 14 : Register in operand not in bank 0.  Ensure that bank bits are correct.
Warning[203] C:\USERS\USER\DOCUMENTS\..USB\8° TRIMESTRE\LAB DE MICRO\ASSEMBLER\P2.X\MAIN.ASM 15 : Found opcode in column 1. (CLRF)
Message[302] C:\USERS\USER\DOCUMENTS\..USB\8° TRIMESTRE\LAB DE MICRO\ASSEMBLER\P2.X\MAIN.ASM 15 : Register in operand not in bank 0.  Ensure that bank bits are correct.
Warning[203] C:\USERS\USER\DOCUMENTS\..USB\8° TRIMESTRE\LAB DE MICRO\ASSEMBLER\P2.X\MAIN.ASM 16 : Found opcode in column 1. (BSF)
Message[302] C:\USERS\USER\DOCUMENTS\..USB\8° TRIMESTRE\LAB DE MICRO\ASSEMBLER\P2.X\MAIN.ASM 16 : Register in operand not in bank 0.  Ensure that bank bits are correct.
Warning[203] C:\USERS\USER\DOCUMENTS\..USB\8° TRIMESTRE\LAB DE MICRO\ASSEMBLER\P2.X\MAIN.ASM 18 : Found opcode in column 1. (BCF)
Warning[203] C:\USERS\USER\DOCUMENTS\..USB\8° TRIMESTRE\LAB DE MICRO\ASSEMBLER\P2.X\MAIN.ASM 19 : Found opcode in column 1. (CLRF)
Warning[203] C:\USERS\USER\DOCUMENTS\..USB\8° TRIMESTRE\LAB DE MICRO\ASSEMBLER\P2.X\MAIN.ASM 20 : Found opcode in column 1. (CLRF)
Warning[207] C:\USERS\USER\DOCUMENTS\..USB\8° TRIMESTRE\LAB DE MICRO\ASSEMBLER\P2.X\MAIN.ASM 24 : Found label after column 1. (ALTO)
Warning[207] C:\USERS\USER\DOCUMENTS\..USB\8° TRIMESTRE\LAB DE MICRO\ASSEMBLER\P2.X\MAIN.ASM 29 : Found label after column 1. (BAJO)
Warning[207] C:\USERS\USER\DOCUMENTS\..USB\8° TRIMESTRE\LAB DE MICRO\ASSEMBLER\P2.X\MAIN.ASM 101 : Found label after column 1. (ARRIBA)
Warning[207] C:\USERS\USER\DOCUMENTS\..USB\8° TRIMESTRE\LAB DE MICRO\ASSEMBLER\P2.X\MAIN.ASM 104 : Found label after column 1. (BUCLE1)
Warning[207] C:\USERS\USER\DOCUMENTS\..USB\8° TRIMESTRE\LAB DE MICRO\ASSEMBLER\P2.X\MAIN.ASM 107 : Found label after column 1. (REPITE1)
Warning[205] C:\USERS\USER\DOCUMENTS\..USB\8° TRIMESTRE\LAB DE MICRO\ASSEMBLER\P2.X\MAIN.ASM 116 : Found directive in column 1. (END)
