Warning[205] C:\USERS\USER\DOCUMENTS\..USB\8° TRIMESTRE\LAB DE MICRO\ASSEMBLER\P3.X\MAIN.ASM 2 : Found directive in column 1. (__CONFIG)
Warning[205] C:\USERS\USER\DOCUMENTS\..USB\8° TRIMESTRE\LAB DE MICRO\ASSEMBLER\P3.X\MAIN.ASM 3 : Found directive in column 1. (LIST)
Warning[205] C:\USERS\USER\DOCUMENTS\..USB\8° TRIMESTRE\LAB DE MICRO\ASSEMBLER\P3.X\MAIN.ASM 4 : Found directive in column 1. (INCLUDE)
Warning[205] C:\USERS\USER\DOCUMENTS\..USB\8° TRIMESTRE\LAB DE MICRO\ASSEMBLER\P3.X\MIMACRO.INC 22 : Found directive in column 1. (endm)
Warning[205] C:\USERS\USER\DOCUMENTS\..USB\8° TRIMESTRE\LAB DE MICRO\ASSEMBLER\P3.X\MIMACRO.INC 27 : Found directive in column 1. (endm)
Warning[205] C:\USERS\USER\DOCUMENTS\..USB\8° TRIMESTRE\LAB DE MICRO\ASSEMBLER\P3.X\MIMACRO.INC 32 : Found directive in column 1. (endm)
Warning[205] C:\USERS\USER\DOCUMENTS\..USB\8° TRIMESTRE\LAB DE MICRO\ASSEMBLER\P3.X\MIMACRO.INC 61 : Found directive in column 1. (endm)
Warning[205] C:\USERS\USER\DOCUMENTS\..USB\8° TRIMESTRE\LAB DE MICRO\ASSEMBLER\P3.X\MIMACRO.INC 69 : Found directive in column 1. (endm)
Warning[205] C:\USERS\USER\DOCUMENTS\..USB\8° TRIMESTRE\LAB DE MICRO\ASSEMBLER\P3.X\MIMACRO.INC 77 : Found directive in column 1. (endm)
Warning[205] C:\USERS\USER\DOCUMENTS\..USB\8° TRIMESTRE\LAB DE MICRO\ASSEMBLER\P3.X\MIMACRO.INC 86 : Found directive in column 1. (endm)
Warning[205] C:\USERS\USER\DOCUMENTS\..USB\8° TRIMESTRE\LAB DE MICRO\ASSEMBLER\P3.X\MIMACRO.INC 94 : Found directive in column 1. (endm)
Warning[205] C:\USERS\USER\DOCUMENTS\..USB\8° TRIMESTRE\LAB DE MICRO\ASSEMBLER\P3.X\MIMACRO.INC 102 : Found directive in column 1. (endm)
Warning[205] C:\USERS\USER\DOCUMENTS\..USB\8° TRIMESTRE\LAB DE MICRO\ASSEMBLER\P3.X\MIMACRO.INC 110 : Found directive in column 1. (endm)
Warning[205] C:\USERS\USER\DOCUMENTS\..USB\8° TRIMESTRE\LAB DE MICRO\ASSEMBLER\P3.X\MIMACRO.INC 118 : Found directive in column 1. (endm)
Warning[205] C:\USERS\USER\DOCUMENTS\..USB\8° TRIMESTRE\LAB DE MICRO\ASSEMBLER\P3.X\MIMACRO.INC 126 : Found directive in column 1. (endm)
Warning[205] C:\USERS\USER\DOCUMENTS\..USB\8° TRIMESTRE\LAB DE MICRO\ASSEMBLER\P3.X\MIMACRO.INC 133 : Found directive in column 1. (endm)
Warning[205] C:\USERS\USER\DOCUMENTS\..USB\8° TRIMESTRE\LAB DE MICRO\ASSEMBLER\P3.X\MIMACRO.INC 139 : Found directive in column 1. (endm)
Warning[205] C:\USERS\USER\DOCUMENTS\..USB\8° TRIMESTRE\LAB DE MICRO\ASSEMBLER\P3.X\MIMACRO.INC 145 : Found directive in column 1. (endm)
Warning[205] C:\USERS\USER\DOCUMENTS\..USB\8° TRIMESTRE\LAB DE MICRO\ASSEMBLER\P3.X\MIMACRO.INC 151 : Found directive in column 1. (endm)
Warning[205] C:\USERS\USER\DOCUMENTS\..USB\8° TRIMESTRE\LAB DE MICRO\ASSEMBLER\P3.X\MIMACRO.INC 156 : Found directive in column 1. (endm)
Warning[205] C:\USERS\USER\DOCUMENTS\..USB\8° TRIMESTRE\LAB DE MICRO\ASSEMBLER\P3.X\MIMACRO.INC 161 : Found directive in column 1. (endm)
Warning[205] C:\USERS\USER\DOCUMENTS\..USB\8° TRIMESTRE\LAB DE MICRO\ASSEMBLER\P3.X\MIMACRO.INC 167 : Found directive in column 1. (endm)
Warning[205] C:\USERS\USER\DOCUMENTS\..USB\8° TRIMESTRE\LAB DE MICRO\ASSEMBLER\P3.X\MIMACRO.INC 198 : Found directive in column 1. (endm)
Warning[205] C:\USERS\USER\DOCUMENTS\..USB\8° TRIMESTRE\LAB DE MICRO\ASSEMBLER\P3.X\MIMACRO.INC 210 : Found directive in column 1. (endm)
Warning[205] C:\USERS\USER\DOCUMENTS\..USB\8° TRIMESTRE\LAB DE MICRO\ASSEMBLER\P3.X\MIMACRO.INC 233 : Found directive in column 1. (endm)
Warning[205] C:\USERS\USER\DOCUMENTS\..USB\8° TRIMESTRE\LAB DE MICRO\ASSEMBLER\P3.X\MIMACRO.INC 237 : Found directive in column 1. (endm)
Warning[205] C:\USERS\USER\DOCUMENTS\..USB\8° TRIMESTRE\LAB DE MICRO\ASSEMBLER\P3.X\MIMACRO.INC 300 : Found directive in column 1. (endm)
Warning[205] C:\USERS\USER\DOCUMENTS\..USB\8° TRIMESTRE\LAB DE MICRO\ASSEMBLER\P3.X\MIMACRO.INC 343 : Found directive in column 1. (endm)
Warning[207] C:\USERS\USER\DOCUMENTS\..USB\8° TRIMESTRE\LAB DE MICRO\ASSEMBLER\P3.X\MIMACRO.INC 348 : Found label after column 1. (borralcd)
Warning[205] C:\USERS\USER\DOCUMENTS\..USB\8° TRIMESTRE\LAB DE MICRO\ASSEMBLER\P3.X\MIMACRO.INC 356 : Found directive in column 1. (endm)
Warning[207] C:\USERS\USER\DOCUMENTS\..USB\8° TRIMESTRE\LAB DE MICRO\ASSEMBLER\P3.X\MIMACRO.INC 357 : Found label after column 1. (desplazaderecha)
Warning[207] C:\USERS\USER\DOCUMENTS\..USB\8° TRIMESTRE\LAB DE MICRO\ASSEMBLER\P3.X\MIMACRO.INC 361 : Found label after column 1. (desplazaizquierda)
Warning[207] C:\USERS\USER\DOCUMENTS\..USB\8° TRIMESTRE\LAB DE MICRO\ASSEMBLER\P3.X\MIMACRO.INC 365 : Found label after column 1. (apagarpantalla)
Warning[207] C:\USERS\USER\DOCUMENTS\..USB\8° TRIMESTRE\LAB DE MICRO\ASSEMBLER\P3.X\MIMACRO.INC 369 : Found label after column 1. (encenderpantalla)
Warning[207] C:\USERS\USER\DOCUMENTS\..USB\8° TRIMESTRE\LAB DE MICRO\ASSEMBLER\P3.X\MIMACRO.INC 379 : Found label after column 1. (PULSOSUB)
Warning[205] C:\USERS\USER\DOCUMENTS\..USB\8° TRIMESTRE\LAB DE MICRO\ASSEMBLER\P3.X\MIMACRO.INC 394 : Found directive in column 1. (endm)
Warning[205] C:\USERS\USER\DOCUMENTS\..USB\8° TRIMESTRE\LAB DE MICRO\ASSEMBLER\P3.X\MIMACRO.INC 402 : Found directive in column 1. (endm)
Warning[205] C:\USERS\USER\DOCUMENTS\..USB\8° TRIMESTRE\LAB DE MICRO\ASSEMBLER\P3.X\MIMACRO.INC 411 : Found directive in column 1. (endm)
Warning[205] C:\USERS\USER\DOCUMENTS\..USB\8° TRIMESTRE\LAB DE MICRO\ASSEMBLER\P3.X\MIMACRO.INC 421 : Found directive in column 1. (endm)
Warning[205] C:\USERS\USER\DOCUMENTS\..USB\8° TRIMESTRE\LAB DE MICRO\ASSEMBLER\P3.X\MIMACRO.INC 435 : Found directive in column 1. (endm)
Warning[205] C:\USERS\USER\DOCUMENTS\..USB\8° TRIMESTRE\LAB DE MICRO\ASSEMBLER\P3.X\MIMACRO.INC 441 : Found directive in column 1. (endm)
Warning[205] C:\USERS\USER\DOCUMENTS\..USB\8° TRIMESTRE\LAB DE MICRO\ASSEMBLER\P3.X\MIMACRO.INC 449 : Found directive in column 1. (endm)
Warning[205] C:\USERS\USER\DOCUMENTS\..USB\8° TRIMESTRE\LAB DE MICRO\ASSEMBLER\P3.X\MIMACRO.INC 454 : Found directive in column 1. (endm)
Warning[205] C:\USERS\USER\DOCUMENTS\..USB\8° TRIMESTRE\LAB DE MICRO\ASSEMBLER\P3.X\MIMACRO.INC 462 : Found directive in column 1. (endm)
Warning[205] C:\USERS\USER\DOCUMENTS\..USB\8° TRIMESTRE\LAB DE MICRO\ASSEMBLER\P3.X\MIMACRO.INC 470 : Found directive in column 1. (endm)
Warning[205] C:\USERS\USER\DOCUMENTS\..USB\8° TRIMESTRE\LAB DE MICRO\ASSEMBLER\P3.X\MAIN.ASM 5 : Found directive in column 1. (CBLOCK)
Warning[205] C:\USERS\USER\DOCUMENTS\..USB\8° TRIMESTRE\LAB DE MICRO\ASSEMBLER\P3.X\MAIN.ASM 10 : Found directive in column 1. (ENDC)
Warning[205] C:\USERS\USER\DOCUMENTS\..USB\8° TRIMESTRE\LAB DE MICRO\ASSEMBLER\P3.X\MAIN.ASM 11 : Found directive in column 1. (ORG)
Warning[206] C:\USERS\USER\DOCUMENTS\..USB\8° TRIMESTRE\LAB DE MICRO\ASSEMBLER\P3.X\MAIN.ASM 13 : Found call to macro in column 1. (banco)
Warning[205] C:\USERS\USER\DOCUMENTS\..USB\8° TRIMESTRE\LAB DE MICRO\ASSEMBLER\P3.X\MIMACRO.INC 38 : Found directive in column 1. (if)
Warning[205] C:\USERS\USER\DOCUMENTS\..USB\8° TRIMESTRE\LAB DE MICRO\ASSEMBLER\P3.X\MIMACRO.INC 43 : Found directive in column 1. (if)
Warning[203] C:\USERS\USER\DOCUMENTS\..USB\8° TRIMESTRE\LAB DE MICRO\ASSEMBLER\P3.X\MIMACRO.INC 45 : Found opcode in column 1. (BSF)
Warning[203] C:\USERS\USER\DOCUMENTS\..USB\8° TRIMESTRE\LAB DE MICRO\ASSEMBLER\P3.X\MIMACRO.INC 46 : Found opcode in column 1. (BCF)
Warning[205] C:\USERS\USER\DOCUMENTS\..USB\8° TRIMESTRE\LAB DE MICRO\ASSEMBLER\P3.X\MIMACRO.INC 47 : Found directive in column 1. (endif)
Warning[205] C:\USERS\USER\DOCUMENTS\..USB\8° TRIMESTRE\LAB DE MICRO\ASSEMBLER\P3.X\MIMACRO.INC 49 : Found directive in column 1. (if)
Warning[205] C:\USERS\USER\DOCUMENTS\..USB\8° TRIMESTRE\LAB DE MICRO\ASSEMBLER\P3.X\MIMACRO.INC 55 : Found directive in column 1. (if)
Warning[203] C:\USERS\USER\DOCUMENTS\..USB\8° TRIMESTRE\LAB DE MICRO\ASSEMBLER\P3.X\MAIN.ASM 14 : Found opcode in column 1. (CLRF)
Message[302] C:\USERS\USER\DOCUMENTS\..USB\8° TRIMESTRE\LAB DE MICRO\ASSEMBLER\P3.X\MAIN.ASM 14 : Register in operand not in bank 0.  Ensure that bank bits are correct.
Warning[203] C:\USERS\USER\DOCUMENTS\..USB\8° TRIMESTRE\LAB DE MICRO\ASSEMBLER\P3.X\MAIN.ASM 15 : Found opcode in column 1. (BCF)
Message[302] C:\USERS\USER\DOCUMENTS\..USB\8° TRIMESTRE\LAB DE MICRO\ASSEMBLER\P3.X\MAIN.ASM 15 : Register in operand not in bank 0.  Ensure that bank bits are correct.
Warning[203] C:\USERS\USER\DOCUMENTS\..USB\8° TRIMESTRE\LAB DE MICRO\ASSEMBLER\P3.X\MAIN.ASM 16 : Found opcode in column 1. (BCF)
Message[302] C:\USERS\USER\DOCUMENTS\..USB\8° TRIMESTRE\LAB DE MICRO\ASSEMBLER\P3.X\MAIN.ASM 16 : Register in operand not in bank 0.  Ensure that bank bits are correct.
Warning[203] C:\USERS\USER\DOCUMENTS\..USB\8° TRIMESTRE\LAB DE MICRO\ASSEMBLER\P3.X\MAIN.ASM 17 : Found opcode in column 1. (BCF)
Message[302] C:\USERS\USER\DOCUMENTS\..USB\8° TRIMESTRE\LAB DE MICRO\ASSEMBLER\P3.X\MAIN.ASM 17 : Register in operand not in bank 0.  Ensure that bank bits are correct.
Warning[206] C:\USERS\USER\DOCUMENTS\..USB\8° TRIMESTRE\LAB DE MICRO\ASSEMBLER\P3.X\MAIN.ASM 18 : Found call to macro in column 1. (banco)
Warning[205] C:\USERS\USER\DOCUMENTS\..USB\8° TRIMESTRE\LAB DE MICRO\ASSEMBLER\P3.X\MIMACRO.INC 38 : Found directive in column 1. (if)
Warning[203] C:\USERS\USER\DOCUMENTS\..USB\8° TRIMESTRE\LAB DE MICRO\ASSEMBLER\P3.X\MIMACRO.INC 39 : Found opcode in column 1. (BCF)
Warning[203] C:\USERS\USER\DOCUMENTS\..USB\8° TRIMESTRE\LAB DE MICRO\ASSEMBLER\P3.X\MIMACRO.INC 40 : Found opcode in column 1. (BCF)
Warning[205] C:\USERS\USER\DOCUMENTS\..USB\8° TRIMESTRE\LAB DE MICRO\ASSEMBLER\P3.X\MIMACRO.INC 41 : Found directive in column 1. (endif)
Warning[205] C:\USERS\USER\DOCUMENTS\..USB\8° TRIMESTRE\LAB DE MICRO\ASSEMBLER\P3.X\MIMACRO.INC 43 : Found directive in column 1. (if)
Warning[205] C:\USERS\USER\DOCUMENTS\..USB\8° TRIMESTRE\LAB DE MICRO\ASSEMBLER\P3.X\MIMACRO.INC 49 : Found directive in column 1. (if)
Warning[205] C:\USERS\USER\DOCUMENTS\..USB\8° TRIMESTRE\LAB DE MICRO\ASSEMBLER\P3.X\MIMACRO.INC 55 : Found directive in column 1. (if)
Warning[203] C:\USERS\USER\DOCUMENTS\..USB\8° TRIMESTRE\LAB DE MICRO\ASSEMBLER\P3.X\MAIN.ASM 19 : Found opcode in column 1. (CLRF)
Warning[203] C:\USERS\USER\DOCUMENTS\..USB\8° TRIMESTRE\LAB DE MICRO\ASSEMBLER\P3.X\MAIN.ASM 20 : Found opcode in column 1. (BCF)
Warning[203] C:\USERS\USER\DOCUMENTS\..USB\8° TRIMESTRE\LAB DE MICRO\ASSEMBLER\P3.X\MAIN.ASM 21 : Found opcode in column 1. (BCF)
Warning[203] C:\USERS\USER\DOCUMENTS\..USB\8° TRIMESTRE\LAB DE MICRO\ASSEMBLER\P3.X\MAIN.ASM 22 : Found opcode in column 1. (BCF)
Warning[206] C:\USERS\USER\DOCUMENTS\..USB\8° TRIMESTRE\LAB DE MICRO\ASSEMBLER\P3.X\MAIN.ASM 23 : Found call to macro in column 1. (iniciar_teclado)
Warning[206] C:\USERS\USER\DOCUMENTS\..USB\8° TRIMESTRE\LAB DE MICRO\ASSEMBLER\P3.X\MAIN.ASM 27 : Found call to macro in column 1. (leertecla)
Warning[203] C:\USERS\USER\DOCUMENTS\..USB\8° TRIMESTRE\LAB DE MICRO\ASSEMBLER\P3.X\MAIN.ASM 28 : Found opcode in column 1. (MOVWF)
Warning[206] C:\USERS\USER\DOCUMENTS\..USB\8° TRIMESTRE\LAB DE MICRO\ASSEMBLER\P3.X\MAIN.ASM 29 : Found call to macro in column 1. (registrocdisplay)
Warning[206] C:\USERS\USER\DOCUMENTS\..USB\8° TRIMESTRE\LAB DE MICRO\ASSEMBLER\P3.X\MAIN.ASM 30 : Found call to macro in column 1. (segundo)
Warning[206] C:\USERS\USER\DOCUMENTS\..USB\8° TRIMESTRE\LAB DE MICRO\ASSEMBLER\P3.X\MAIN.ASM 33 : Found call to macro in column 1. (leertecla)
Warning[203] C:\USERS\USER\DOCUMENTS\..USB\8° TRIMESTRE\LAB DE MICRO\ASSEMBLER\P3.X\MAIN.ASM 34 : Found opcode in column 1. (MOVWF)
Warning[206] C:\USERS\USER\DOCUMENTS\..USB\8° TRIMESTRE\LAB DE MICRO\ASSEMBLER\P3.X\MAIN.ASM 35 : Found call to macro in column 1. (registrocdisplay)
Warning[206] C:\USERS\USER\DOCUMENTS\..USB\8° TRIMESTRE\LAB DE MICRO\ASSEMBLER\P3.X\MAIN.ASM 36 : Found call to macro in column 1. (segundo)
Warning[206] C:\USERS\USER\DOCUMENTS\..USB\8° TRIMESTRE\LAB DE MICRO\ASSEMBLER\P3.X\MAIN.ASM 39 : Found call to macro in column 1. (leertecla)
Warning[203] C:\USERS\USER\DOCUMENTS\..USB\8° TRIMESTRE\LAB DE MICRO\ASSEMBLER\P3.X\MAIN.ASM 40 : Found opcode in column 1. (MOVWF)
Warning[206] C:\USERS\USER\DOCUMENTS\..USB\8° TRIMESTRE\LAB DE MICRO\ASSEMBLER\P3.X\MAIN.ASM 41 : Found call to macro in column 1. (registrocdisplay)
Warning[206] C:\USERS\USER\DOCUMENTS\..USB\8° TRIMESTRE\LAB DE MICRO\ASSEMBLER\P3.X\MAIN.ASM 42 : Found call to macro in column 1. (segundo)
Warning[206] C:\USERS\USER\DOCUMENTS\..USB\8° TRIMESTRE\LAB DE MICRO\ASSEMBLER\P3.X\MAIN.ASM 45 : Found call to macro in column 1. (leertecla)
Warning[203] C:\USERS\USER\DOCUMENTS\..USB\8° TRIMESTRE\LAB DE MICRO\ASSEMBLER\P3.X\MAIN.ASM 46 : Found opcode in column 1. (MOVWF)
Warning[206] C:\USERS\USER\DOCUMENTS\..USB\8° TRIMESTRE\LAB DE MICRO\ASSEMBLER\P3.X\MAIN.ASM 47 : Found call to macro in column 1. (registrocdisplay)
Warning[206] C:\USERS\USER\DOCUMENTS\..USB\8° TRIMESTRE\LAB DE MICRO\ASSEMBLER\P3.X\MAIN.ASM 48 : Found call to macro in column 1. (segundo)
Warning[206] C:\USERS\USER\DOCUMENTS\..USB\8° TRIMESTRE\LAB DE MICRO\ASSEMBLER\P3.X\MAIN.ASM 53 : Found call to macro in column 1. (csni)
Warning[206] C:\USERS\USER\DOCUMENTS\..USB\8° TRIMESTRE\LAB DE MICRO\ASSEMBLER\P3.X\MAIN.ASM 54 : Found call to macro in column 1. (csni)
Warning[206] C:\USERS\USER\DOCUMENTS\..USB\8° TRIMESTRE\LAB DE MICRO\ASSEMBLER\P3.X\MAIN.ASM 55 : Found call to macro in column 1. (csni)
Warning[206] C:\USERS\USER\DOCUMENTS\..USB\8° TRIMESTRE\LAB DE MICRO\ASSEMBLER\P3.X\MAIN.ASM 56 : Found call to macro in column 1. (csni)
Warning[203] C:\USERS\USER\DOCUMENTS\..USB\8° TRIMESTRE\LAB DE MICRO\ASSEMBLER\P3.X\MAIN.ASM 60 : Found opcode in column 1. (CALL)
Warning[203] C:\USERS\USER\DOCUMENTS\..USB\8° TRIMESTRE\LAB DE MICRO\ASSEMBLER\P3.X\MAIN.ASM 61 : Found opcode in column 1. (GOTO)
Warning[203] C:\USERS\USER\DOCUMENTS\..USB\8° TRIMESTRE\LAB DE MICRO\ASSEMBLER\P3.X\MAIN.ASM 64 : Found opcode in column 1. (BSF)
Warning[203] C:\USERS\USER\DOCUMENTS\..USB\8° TRIMESTRE\LAB DE MICRO\ASSEMBLER\P3.X\MAIN.ASM 65 : Found opcode in column 1. (BSF)
Warning[206] C:\USERS\USER\DOCUMENTS\..USB\8° TRIMESTRE\LAB DE MICRO\ASSEMBLER\P3.X\MAIN.ASM 66 : Found call to macro in column 1. (segundo)
Warning[203] C:\USERS\USER\DOCUMENTS\..USB\8° TRIMESTRE\LAB DE MICRO\ASSEMBLER\P3.X\MAIN.ASM 67 : Found opcode in column 1. (BCF)
Warning[203] C:\USERS\USER\DOCUMENTS\..USB\8° TRIMESTRE\LAB DE MICRO\ASSEMBLER\P3.X\MAIN.ASM 68 : Found opcode in column 1. (BCF)
Warning[203] C:\USERS\USER\DOCUMENTS\..USB\8° TRIMESTRE\LAB DE MICRO\ASSEMBLER\P3.X\MAIN.ASM 69 : Found opcode in column 1. (CLRF)
Warning[203] C:\USERS\USER\DOCUMENTS\..USB\8° TRIMESTRE\LAB DE MICRO\ASSEMBLER\P3.X\MAIN.ASM 70 : Found opcode in column 1. (GOTO)
Warning[203] C:\USERS\USER\DOCUMENTS\..USB\8° TRIMESTRE\LAB DE MICRO\ASSEMBLER\P3.X\MAIN.ASM 73 : Found opcode in column 1. (BSF)
Warning[206] C:\USERS\USER\DOCUMENTS\..USB\8° TRIMESTRE\LAB DE MICRO\ASSEMBLER\P3.X\MAIN.ASM 74 : Found call to macro in column 1. (segundo)
Warning[203] C:\USERS\USER\DOCUMENTS\..USB\8° TRIMESTRE\LAB DE MICRO\ASSEMBLER\P3.X\MAIN.ASM 75 : Found opcode in column 1. (BCF)
Warning[203] C:\USERS\USER\DOCUMENTS\..USB\8° TRIMESTRE\LAB DE MICRO\ASSEMBLER\P3.X\MAIN.ASM 76 : Found opcode in column 1. (CLRF)
Warning[203] C:\USERS\USER\DOCUMENTS\..USB\8° TRIMESTRE\LAB DE MICRO\ASSEMBLER\P3.X\MAIN.ASM 77 : Found opcode in column 1. (GOTO)
Warning[205] C:\USERS\USER\DOCUMENTS\..USB\8° TRIMESTRE\LAB DE MICRO\ASSEMBLER\P3.X\MAIN.ASM 79 : Found directive in column 1. (INCLUDE)
Warning[205] C:\USERS\USER\DOCUMENTS\..USB\8° TRIMESTRE\LAB DE MICRO\ASSEMBLER\P3.X\TECLADO4X4.ASM 18 : Found directive in column 1. (CBLOCK)
Warning[205] C:\USERS\USER\DOCUMENTS\..USB\8° TRIMESTRE\LAB DE MICRO\ASSEMBLER\P3.X\TECLADO4X4.ASM 23 : Found directive in column 1. (ENDC)
Warning[206] C:\USERS\USER\DOCUMENTS\..USB\8° TRIMESTRE\LAB DE MICRO\ASSEMBLER\P3.X\TECLADO4X4.ASM 26 : Found call to macro in column 1. (banco)
Warning[205] C:\USERS\USER\DOCUMENTS\..USB\8° TRIMESTRE\LAB DE MICRO\ASSEMBLER\P3.X\MIMACRO.INC 38 : Found directive in column 1. (if)
Warning[205] C:\USERS\USER\DOCUMENTS\..USB\8° TRIMESTRE\LAB DE MICRO\ASSEMBLER\P3.X\MIMACRO.INC 43 : Found directive in column 1. (if)
Warning[203] C:\USERS\USER\DOCUMENTS\..USB\8° TRIMESTRE\LAB DE MICRO\ASSEMBLER\P3.X\MIMACRO.INC 45 : Found opcode in column 1. (BSF)
Warning[203] C:\USERS\USER\DOCUMENTS\..USB\8° TRIMESTRE\LAB DE MICRO\ASSEMBLER\P3.X\MIMACRO.INC 46 : Found opcode in column 1. (BCF)
Warning[205] C:\USERS\USER\DOCUMENTS\..USB\8° TRIMESTRE\LAB DE MICRO\ASSEMBLER\P3.X\MIMACRO.INC 47 : Found directive in column 1. (endif)
Warning[205] C:\USERS\USER\DOCUMENTS\..USB\8° TRIMESTRE\LAB DE MICRO\ASSEMBLER\P3.X\MIMACRO.INC 49 : Found directive in column 1. (if)
Warning[205] C:\USERS\USER\DOCUMENTS\..USB\8° TRIMESTRE\LAB DE MICRO\ASSEMBLER\P3.X\MIMACRO.INC 55 : Found directive in column 1. (if)
Warning[203] C:\USERS\USER\DOCUMENTS\..USB\8° TRIMESTRE\LAB DE MICRO\ASSEMBLER\P3.X\TECLADO4X4.ASM 27 : Found opcode in column 1. (MOVLW)
Warning[203] C:\USERS\USER\DOCUMENTS\..USB\8° TRIMESTRE\LAB DE MICRO\ASSEMBLER\P3.X\TECLADO4X4.ASM 28 : Found opcode in column 1. (MOVWF)
Message[302] C:\USERS\USER\DOCUMENTS\..USB\8° TRIMESTRE\LAB DE MICRO\ASSEMBLER\P3.X\TECLADO4X4.ASM 28 : Register in operand not in bank 0.  Ensure that bank bits are correct.
Warning[203] C:\USERS\USER\DOCUMENTS\..USB\8° TRIMESTRE\LAB DE MICRO\ASSEMBLER\P3.X\TECLADO4X4.ASM 29 : Found opcode in column 1. (BCF)
Message[302] C:\USERS\USER\DOCUMENTS\..USB\8° TRIMESTRE\LAB DE MICRO\ASSEMBLER\P3.X\TECLADO4X4.ASM 29 : Register in operand not in bank 0.  Ensure that bank bits are correct.
Warning[206] C:\USERS\USER\DOCUMENTS\..USB\8° TRIMESTRE\LAB DE MICRO\ASSEMBLER\P3.X\TECLADO4X4.ASM 30 : Found call to macro in column 1. (banco)
Warning[205] C:\USERS\USER\DOCUMENTS\..USB\8° TRIMESTRE\LAB DE MICRO\ASSEMBLER\P3.X\MIMACRO.INC 38 : Found directive in column 1. (if)
Warning[203] C:\USERS\USER\DOCUMENTS\..USB\8° TRIMESTRE\LAB DE MICRO\ASSEMBLER\P3.X\MIMACRO.INC 39 : Found opcode in column 1. (BCF)
Warning[203] C:\USERS\USER\DOCUMENTS\..USB\8° TRIMESTRE\LAB DE MICRO\ASSEMBLER\P3.X\MIMACRO.INC 40 : Found opcode in column 1. (BCF)
Warning[205] C:\USERS\USER\DOCUMENTS\..USB\8° TRIMESTRE\LAB DE MICRO\ASSEMBLER\P3.X\MIMACRO.INC 41 : Found directive in column 1. (endif)
Warning[205] C:\USERS\USER\DOCUMENTS\..USB\8° TRIMESTRE\LAB DE MICRO\ASSEMBLER\P3.X\MIMACRO.INC 43 : Found directive in column 1. (if)
Warning[205] C:\USERS\USER\DOCUMENTS\..USB\8° TRIMESTRE\LAB DE MICRO\ASSEMBLER\P3.X\MIMACRO.INC 49 : Found directive in column 1. (if)
Warning[205] C:\USERS\USER\DOCUMENTS\..USB\8° TRIMESTRE\LAB DE MICRO\ASSEMBLER\P3.X\MIMACRO.INC 55 : Found directive in column 1. (if)
Warning[203] C:\USERS\USER\DOCUMENTS\..USB\8° TRIMESTRE\LAB DE MICRO\ASSEMBLER\P3.X\TECLADO4X4.ASM 31 : Found opcode in column 1. (CLRF)
Warning[203] C:\USERS\USER\DOCUMENTS\..USB\8° TRIMESTRE\LAB DE MICRO\ASSEMBLER\P3.X\TECLADO4X4.ASM 32 : Found opcode in column 1. (CLRF)
Warning[203] C:\USERS\USER\DOCUMENTS\..USB\8° TRIMESTRE\LAB DE MICRO\ASSEMBLER\P3.X\TECLADO4X4.ASM 33 : Found opcode in column 1. (RETURN)
Warning[206] C:\USERS\USER\DOCUMENTS\..USB\8° TRIMESTRE\LAB DE MICRO\ASSEMBLER\P3.X\TECLADO4X4.ASM 36 : Found call to macro in column 1. (cargarvalor)
Warning[206] C:\USERS\USER\DOCUMENTS\..USB\8° TRIMESTRE\LAB DE MICRO\ASSEMBLER\P3.X\TECLADO4X4.ASM 37 : Found call to macro in column 1. (cargarvalor)
Warning[203] C:\USERS\USER\DOCUMENTS\..USB\8° TRIMESTRE\LAB DE MICRO\ASSEMBLER\P3.X\TECLADO4X4.ASM 38 : Found opcode in column 1. (nop)
Warning[206] C:\USERS\USER\DOCUMENTS\..USB\8° TRIMESTRE\LAB DE MICRO\ASSEMBLER\P3.X\TECLADO4X4.ASM 39 : Found call to macro in column 1. (copiarregistro)
Warning[206] C:\USERS\USER\DOCUMENTS\..USB\8° TRIMESTRE\LAB DE MICRO\ASSEMBLER\P3.X\TECLADO4X4.ASM 40 : Found call to macro in column 1. (csi)
Warning[206] C:\USERS\USER\DOCUMENTS\..USB\8° TRIMESTRE\LAB DE MICRO\ASSEMBLER\P3.X\TECLADO4X4.ASM 41 : Found call to macro in column 1. (csi)
Warning[206] C:\USERS\USER\DOCUMENTS\..USB\8° TRIMESTRE\LAB DE MICRO\ASSEMBLER\P3.X\TECLADO4X4.ASM 42 : Found call to macro in column 1. (csi)
Warning[206] C:\USERS\USER\DOCUMENTS\..USB\8° TRIMESTRE\LAB DE MICRO\ASSEMBLER\P3.X\TECLADO4X4.ASM 43 : Found call to macro in column 1. (csi)
Warning[206] C:\USERS\USER\DOCUMENTS\..USB\8° TRIMESTRE\LAB DE MICRO\ASSEMBLER\P3.X\TECLADO4X4.ASM 45 : Found call to macro in column 1. (cargarvalor)
Warning[203] C:\USERS\USER\DOCUMENTS\..USB\8° TRIMESTRE\LAB DE MICRO\ASSEMBLER\P3.X\TECLADO4X4.ASM 46 : Found opcode in column 1. (nop)
Warning[206] C:\USERS\USER\DOCUMENTS\..USB\8° TRIMESTRE\LAB DE MICRO\ASSEMBLER\P3.X\TECLADO4X4.ASM 47 : Found call to macro in column 1. (copiarregistro)
Warning[206] C:\USERS\USER\DOCUMENTS\..USB\8° TRIMESTRE\LAB DE MICRO\ASSEMBLER\P3.X\TECLADO4X4.ASM 48 : Found call to macro in column 1. (csi)
Warning[206] C:\USERS\USER\DOCUMENTS\..USB\8° TRIMESTRE\LAB DE MICRO\ASSEMBLER\P3.X\TECLADO4X4.ASM 49 : Found call to macro in column 1. (csi)
Warning[206] C:\USERS\USER\DOCUMENTS\..USB\8° TRIMESTRE\LAB DE MICRO\ASSEMBLER\P3.X\TECLADO4X4.ASM 50 : Found call to macro in column 1. (csi)
Warning[206] C:\USERS\USER\DOCUMENTS\..USB\8° TRIMESTRE\LAB DE MICRO\ASSEMBLER\P3.X\TECLADO4X4.ASM 51 : Found call to macro in column 1. (csi)
Warning[206] C:\USERS\USER\DOCUMENTS\..USB\8° TRIMESTRE\LAB DE MICRO\ASSEMBLER\P3.X\TECLADO4X4.ASM 53 : Found call to macro in column 1. (cargarvalor)
Warning[203] C:\USERS\USER\DOCUMENTS\..USB\8° TRIMESTRE\LAB DE MICRO\ASSEMBLER\P3.X\TECLADO4X4.ASM 54 : Found opcode in column 1. (nop)
Warning[206] C:\USERS\USER\DOCUMENTS\..USB\8° TRIMESTRE\LAB DE MICRO\ASSEMBLER\P3.X\TECLADO4X4.ASM 55 : Found call to macro in column 1. (copiarregistro)
Warning[206] C:\USERS\USER\DOCUMENTS\..USB\8° TRIMESTRE\LAB DE MICRO\ASSEMBLER\P3.X\TECLADO4X4.ASM 56 : Found call to macro in column 1. (csi)
Warning[206] C:\USERS\USER\DOCUMENTS\..USB\8° TRIMESTRE\LAB DE MICRO\ASSEMBLER\P3.X\TECLADO4X4.ASM 57 : Found call to macro in column 1. (csi)
Warning[206] C:\USERS\USER\DOCUMENTS\..USB\8° TRIMESTRE\LAB DE MICRO\ASSEMBLER\P3.X\TECLADO4X4.ASM 58 : Found call to macro in column 1. (csi)
Warning[206] C:\USERS\USER\DOCUMENTS\..USB\8° TRIMESTRE\LAB DE MICRO\ASSEMBLER\P3.X\TECLADO4X4.ASM 59 : Found call to macro in column 1. (csi)
Warning[206] C:\USERS\USER\DOCUMENTS\..USB\8° TRIMESTRE\LAB DE MICRO\ASSEMBLER\P3.X\TECLADO4X4.ASM 61 : Found call to macro in column 1. (cargarvalor)
Warning[203] C:\USERS\USER\DOCUMENTS\..USB\8° TRIMESTRE\LAB DE MICRO\ASSEMBLER\P3.X\TECLADO4X4.ASM 62 : Found opcode in column 1. (nop)
Warning[206] C:\USERS\USER\DOCUMENTS\..USB\8° TRIMESTRE\LAB DE MICRO\ASSEMBLER\P3.X\TECLADO4X4.ASM 63 : Found call to macro in column 1. (copiarregistro)
Warning[206] C:\USERS\USER\DOCUMENTS\..USB\8° TRIMESTRE\LAB DE MICRO\ASSEMBLER\P3.X\TECLADO4X4.ASM 64 : Found call to macro in column 1. (csi)
Warning[206] C:\USERS\USER\DOCUMENTS\..USB\8° TRIMESTRE\LAB DE MICRO\ASSEMBLER\P3.X\TECLADO4X4.ASM 65 : Found call to macro in column 1. (csi)
Warning[206] C:\USERS\USER\DOCUMENTS\..USB\8° TRIMESTRE\LAB DE MICRO\ASSEMBLER\P3.X\TECLADO4X4.ASM 66 : Found call to macro in column 1. (csi)
Warning[206] C:\USERS\USER\DOCUMENTS\..USB\8° TRIMESTRE\LAB DE MICRO\ASSEMBLER\P3.X\TECLADO4X4.ASM 67 : Found call to macro in column 1. (csi)
Warning[206] C:\USERS\USER\DOCUMENTS\..USB\8° TRIMESTRE\LAB DE MICRO\ASSEMBLER\P3.X\TECLADO4X4.ASM 68 : Found call to macro in column 1. (csi)
Warning[206] C:\USERS\USER\DOCUMENTS\..USB\8° TRIMESTRE\LAB DE MICRO\ASSEMBLER\P3.X\TECLADO4X4.ASM 71 : Found call to macro in column 1. (cargarvalor)
Warning[203] C:\USERS\USER\DOCUMENTS\..USB\8° TRIMESTRE\LAB DE MICRO\ASSEMBLER\P3.X\TECLADO4X4.ASM 72 : Found opcode in column 1. (BTFSS)
Warning[203] C:\USERS\USER\DOCUMENTS\..USB\8° TRIMESTRE\LAB DE MICRO\ASSEMBLER\P3.X\TECLADO4X4.ASM 73 : Found opcode in column 1. (RETURN)
Warning[203] C:\USERS\USER\DOCUMENTS\..USB\8° TRIMESTRE\LAB DE MICRO\ASSEMBLER\P3.X\TECLADO4X4.ASM 74 : Found opcode in column 1. (GOTO)
Warning[206] C:\USERS\USER\DOCUMENTS\..USB\8° TRIMESTRE\LAB DE MICRO\ASSEMBLER\P3.X\TECLADO4X4.ASM 77 : Found call to macro in column 1. (cargarvalor)
Warning[203] C:\USERS\USER\DOCUMENTS\..USB\8° TRIMESTRE\LAB DE MICRO\ASSEMBLER\P3.X\TECLADO4X4.ASM 78 : Found opcode in column 1. (RETURN)
Warning[206] C:\USERS\USER\DOCUMENTS\..USB\8° TRIMESTRE\LAB DE MICRO\ASSEMBLER\P3.X\TECLADO4X4.ASM 81 : Found call to macro in column 1. (cargarvalor)
Warning[203] C:\USERS\USER\DOCUMENTS\..USB\8° TRIMESTRE\LAB DE MICRO\ASSEMBLER\P3.X\TECLADO4X4.ASM 82 : Found opcode in column 1. (RETURN)
Warning[206] C:\USERS\USER\DOCUMENTS\..USB\8° TRIMESTRE\LAB DE MICRO\ASSEMBLER\P3.X\TECLADO4X4.ASM 85 : Found call to macro in column 1. (cargarvalor)
Warning[203] C:\USERS\USER\DOCUMENTS\..USB\8° TRIMESTRE\LAB DE MICRO\ASSEMBLER\P3.X\TECLADO4X4.ASM 86 : Found opcode in column 1. (RETURN)
Warning[206] C:\USERS\USER\DOCUMENTS\..USB\8° TRIMESTRE\LAB DE MICRO\ASSEMBLER\P3.X\TECLADO4X4.ASM 89 : Found call to macro in column 1. (cargarvalor)
Warning[203] C:\USERS\USER\DOCUMENTS\..USB\8° TRIMESTRE\LAB DE MICRO\ASSEMBLER\P3.X\TECLADO4X4.ASM 90 : Found opcode in column 1. (RETURN)
Warning[206] C:\USERS\USER\DOCUMENTS\..USB\8° TRIMESTRE\LAB DE MICRO\ASSEMBLER\P3.X\TECLADO4X4.ASM 93 : Found call to macro in column 1. (cargarvalor)
Warning[203] C:\USERS\USER\DOCUMENTS\..USB\8° TRIMESTRE\LAB DE MICRO\ASSEMBLER\P3.X\TECLADO4X4.ASM 94 : Found opcode in column 1. (RETURN)
Warning[206] C:\USERS\USER\DOCUMENTS\..USB\8° TRIMESTRE\LAB DE MICRO\ASSEMBLER\P3.X\TECLADO4X4.ASM 97 : Found call to macro in column 1. (cargarvalor)
Warning[203] C:\USERS\USER\DOCUMENTS\..USB\8° TRIMESTRE\LAB DE MICRO\ASSEMBLER\P3.X\TECLADO4X4.ASM 98 : Found opcode in column 1. (RETURN)
Warning[206] C:\USERS\USER\DOCUMENTS\..USB\8° TRIMESTRE\LAB DE MICRO\ASSEMBLER\P3.X\TECLADO4X4.ASM 101 : Found call to macro in column 1. (cargarvalor)
Warning[203] C:\USERS\USER\DOCUMENTS\..USB\8° TRIMESTRE\LAB DE MICRO\ASSEMBLER\P3.X\TECLADO4X4.ASM 102 : Found opcode in column 1. (RETURN)
Warning[206] C:\USERS\USER\DOCUMENTS\..USB\8° TRIMESTRE\LAB DE MICRO\ASSEMBLER\P3.X\TECLADO4X4.ASM 105 : Found call to macro in column 1. (cargarvalor)
Warning[203] C:\USERS\USER\DOCUMENTS\..USB\8° TRIMESTRE\LAB DE MICRO\ASSEMBLER\P3.X\TECLADO4X4.ASM 106 : Found opcode in column 1. (RETURN)
Warning[206] C:\USERS\USER\DOCUMENTS\..USB\8° TRIMESTRE\LAB DE MICRO\ASSEMBLER\P3.X\TECLADO4X4.ASM 109 : Found call to macro in column 1. (cargarvalor)
Warning[203] C:\USERS\USER\DOCUMENTS\..USB\8° TRIMESTRE\LAB DE MICRO\ASSEMBLER\P3.X\TECLADO4X4.ASM 110 : Found opcode in column 1. (RETURN)
Warning[206] C:\USERS\USER\DOCUMENTS\..USB\8° TRIMESTRE\LAB DE MICRO\ASSEMBLER\P3.X\TECLADO4X4.ASM 113 : Found call to macro in column 1. (cargarvalor)
Warning[203] C:\USERS\USER\DOCUMENTS\..USB\8° TRIMESTRE\LAB DE MICRO\ASSEMBLER\P3.X\TECLADO4X4.ASM 114 : Found opcode in column 1. (RETURN)
Warning[206] C:\USERS\USER\DOCUMENTS\..USB\8° TRIMESTRE\LAB DE MICRO\ASSEMBLER\P3.X\TECLADO4X4.ASM 117 : Found call to macro in column 1. (cargarvalor)
Warning[203] C:\USERS\USER\DOCUMENTS\..USB\8° TRIMESTRE\LAB DE MICRO\ASSEMBLER\P3.X\TECLADO4X4.ASM 118 : Found opcode in column 1. (RETURN)
Warning[206] C:\USERS\USER\DOCUMENTS\..USB\8° TRIMESTRE\LAB DE MICRO\ASSEMBLER\P3.X\TECLADO4X4.ASM 121 : Found call to macro in column 1. (cargarvalor)
Warning[203] C:\USERS\USER\DOCUMENTS\..USB\8° TRIMESTRE\LAB DE MICRO\ASSEMBLER\P3.X\TECLADO4X4.ASM 122 : Found opcode in column 1. (RETURN)
Warning[206] C:\USERS\USER\DOCUMENTS\..USB\8° TRIMESTRE\LAB DE MICRO\ASSEMBLER\P3.X\TECLADO4X4.ASM 125 : Found call to macro in column 1. (cargarvalor)
Warning[203] C:\USERS\USER\DOCUMENTS\..USB\8° TRIMESTRE\LAB DE MICRO\ASSEMBLER\P3.X\TECLADO4X4.ASM 126 : Found opcode in column 1. (RETURN)
Warning[206] C:\USERS\USER\DOCUMENTS\..USB\8° TRIMESTRE\LAB DE MICRO\ASSEMBLER\P3.X\TECLADO4X4.ASM 129 : Found call to macro in column 1. (cargarvalor)
Warning[203] C:\USERS\USER\DOCUMENTS\..USB\8° TRIMESTRE\LAB DE MICRO\ASSEMBLER\P3.X\TECLADO4X4.ASM 130 : Found opcode in column 1. (RETURN)
Warning[206] C:\USERS\USER\DOCUMENTS\..USB\8° TRIMESTRE\LAB DE MICRO\ASSEMBLER\P3.X\TECLADO4X4.ASM 133 : Found call to macro in column 1. (cargarvalor)
Warning[203] C:\USERS\USER\DOCUMENTS\..USB\8° TRIMESTRE\LAB DE MICRO\ASSEMBLER\P3.X\TECLADO4X4.ASM 134 : Found opcode in column 1. (RETURN)
Warning[206] C:\USERS\USER\DOCUMENTS\..USB\8° TRIMESTRE\LAB DE MICRO\ASSEMBLER\P3.X\TECLADO4X4.ASM 137 : Found call to macro in column 1. (cargarvalor)
Warning[203] C:\USERS\USER\DOCUMENTS\..USB\8° TRIMESTRE\LAB DE MICRO\ASSEMBLER\P3.X\TECLADO4X4.ASM 138 : Found opcode in column 1. (RETURN)
Warning[205] C:\USERS\USER\DOCUMENTS\..USB\8° TRIMESTRE\LAB DE MICRO\ASSEMBLER\P3.X\MAIN.ASM 80 : Found directive in column 1. (INCLUDE)
Warning[205] C:\USERS\USER\DOCUMENTS\..USB\8° TRIMESTRE\LAB DE MICRO\ASSEMBLER\P3.X\DISPLAY.ASM 4 : Found directive in column 1. (CBLOCK)
Warning[205] C:\USERS\USER\DOCUMENTS\..USB\8° TRIMESTRE\LAB DE MICRO\ASSEMBLER\P3.X\DISPLAY.ASM 6 : Found directive in column 1. (ENDC)
Warning[203] C:\USERS\USER\DOCUMENTS\..USB\8° TRIMESTRE\LAB DE MICRO\ASSEMBLER\P3.X\DISPLAY.ASM 9 : Found opcode in column 1. (MOVWF)
Warning[203] C:\USERS\USER\DOCUMENTS\..USB\8° TRIMESTRE\LAB DE MICRO\ASSEMBLER\P3.X\DISPLAY.ASM 10 : Found opcode in column 1. (MOVLW)
Warning[203] C:\USERS\USER\DOCUMENTS\..USB\8° TRIMESTRE\LAB DE MICRO\ASSEMBLER\P3.X\DISPLAY.ASM 11 : Found opcode in column 1. (SUBWF)
Warning[203] C:\USERS\USER\DOCUMENTS\..USB\8° TRIMESTRE\LAB DE MICRO\ASSEMBLER\P3.X\DISPLAY.ASM 12 : Found opcode in column 1. (BTFSC)
Warning[203] C:\USERS\USER\DOCUMENTS\..USB\8° TRIMESTRE\LAB DE MICRO\ASSEMBLER\P3.X\DISPLAY.ASM 13 : Found opcode in column 1. (RETLW)
Warning[203] C:\USERS\USER\DOCUMENTS\..USB\8° TRIMESTRE\LAB DE MICRO\ASSEMBLER\P3.X\DISPLAY.ASM 14 : Found opcode in column 1. (MOVF)
Warning[203] C:\USERS\USER\DOCUMENTS\..USB\8° TRIMESTRE\LAB DE MICRO\ASSEMBLER\P3.X\DISPLAY.ASM 15 : Found opcode in column 1. (ADDWF)
Warning[203] C:\USERS\USER\DOCUMENTS\..USB\8° TRIMESTRE\LAB DE MICRO\ASSEMBLER\P3.X\DISPLAY.ASM 16 : Found opcode in column 1. (RETLW)
Warning[203] C:\USERS\USER\DOCUMENTS\..USB\8° TRIMESTRE\LAB DE MICRO\ASSEMBLER\P3.X\DISPLAY.ASM 17 : Found opcode in column 1. (RETLW)
Warning[203] C:\USERS\USER\DOCUMENTS\..USB\8° TRIMESTRE\LAB DE MICRO\ASSEMBLER\P3.X\DISPLAY.ASM 18 : Found opcode in column 1. (RETLW)
Warning[203] C:\USERS\USER\DOCUMENTS\..USB\8° TRIMESTRE\LAB DE MICRO\ASSEMBLER\P3.X\DISPLAY.ASM 19 : Found opcode in column 1. (RETLW)
Warning[203] C:\USERS\USER\DOCUMENTS\..USB\8° TRIMESTRE\LAB DE MICRO\ASSEMBLER\P3.X\DISPLAY.ASM 20 : Found opcode in column 1. (RETLW)
Warning[203] C:\USERS\USER\DOCUMENTS\..USB\8° TRIMESTRE\LAB DE MICRO\ASSEMBLER\P3.X\DISPLAY.ASM 21 : Found opcode in column 1. (RETLW)
Warning[203] C:\USERS\USER\DOCUMENTS\..USB\8° TRIMESTRE\LAB DE MICRO\ASSEMBLER\P3.X\DISPLAY.ASM 22 : Found opcode in column 1. (RETLW)
Warning[203] C:\USERS\USER\DOCUMENTS\..USB\8° TRIMESTRE\LAB DE MICRO\ASSEMBLER\P3.X\DISPLAY.ASM 23 : Found opcode in column 1. (RETLW)
Warning[203] C:\USERS\USER\DOCUMENTS\..USB\8° TRIMESTRE\LAB DE MICRO\ASSEMBLER\P3.X\DISPLAY.ASM 24 : Found opcode in column 1. (RETLW)
Warning[203] C:\USERS\USER\DOCUMENTS\..USB\8° TRIMESTRE\LAB DE MICRO\ASSEMBLER\P3.X\DISPLAY.ASM 25 : Found opcode in column 1. (RETLW)
Warning[203] C:\USERS\USER\DOCUMENTS\..USB\8° TRIMESTRE\LAB DE MICRO\ASSEMBLER\P3.X\DISPLAY.ASM 28 : Found opcode in column 1. (MOVWF)
Warning[203] C:\USERS\USER\DOCUMENTS\..USB\8° TRIMESTRE\LAB DE MICRO\ASSEMBLER\P3.X\DISPLAY.ASM 29 : Found opcode in column 1. (MOVLW)
Warning[203] C:\USERS\USER\DOCUMENTS\..USB\8° TRIMESTRE\LAB DE MICRO\ASSEMBLER\P3.X\DISPLAY.ASM 30 : Found opcode in column 1. (SUBWF)
Warning[203] C:\USERS\USER\DOCUMENTS\..USB\8° TRIMESTRE\LAB DE MICRO\ASSEMBLER\P3.X\DISPLAY.ASM 31 : Found opcode in column 1. (BTFSC)
Warning[203] C:\USERS\USER\DOCUMENTS\..USB\8° TRIMESTRE\LAB DE MICRO\ASSEMBLER\P3.X\DISPLAY.ASM 32 : Found opcode in column 1. (RETLW)
Warning[203] C:\USERS\USER\DOCUMENTS\..USB\8° TRIMESTRE\LAB DE MICRO\ASSEMBLER\P3.X\DISPLAY.ASM 33 : Found opcode in column 1. (MOVF)
Warning[203] C:\USERS\USER\DOCUMENTS\..USB\8° TRIMESTRE\LAB DE MICRO\ASSEMBLER\P3.X\DISPLAY.ASM 34 : Found opcode in column 1. (ADDWF)
Warning[203] C:\USERS\USER\DOCUMENTS\..USB\8° TRIMESTRE\LAB DE MICRO\ASSEMBLER\P3.X\DISPLAY.ASM 35 : Found opcode in column 1. (RETLW)
Warning[203] C:\USERS\USER\DOCUMENTS\..USB\8° TRIMESTRE\LAB DE MICRO\ASSEMBLER\P3.X\DISPLAY.ASM 36 : Found opcode in column 1. (RETLW)
Warning[203] C:\USERS\USER\DOCUMENTS\..USB\8° TRIMESTRE\LAB DE MICRO\ASSEMBLER\P3.X\DISPLAY.ASM 37 : Found opcode in column 1. (RETLW)
Warning[203] C:\USERS\USER\DOCUMENTS\..USB\8° TRIMESTRE\LAB DE MICRO\ASSEMBLER\P3.X\DISPLAY.ASM 38 : Found opcode in column 1. (RETLW)
Warning[203] C:\USERS\USER\DOCUMENTS\..USB\8° TRIMESTRE\LAB DE MICRO\ASSEMBLER\P3.X\DISPLAY.ASM 39 : Found opcode in column 1. (RETLW)
Warning[203] C:\USERS\USER\DOCUMENTS\..USB\8° TRIMESTRE\LAB DE MICRO\ASSEMBLER\P3.X\DISPLAY.ASM 40 : Found opcode in column 1. (RETLW)
Warning[203] C:\USERS\USER\DOCUMENTS\..USB\8° TRIMESTRE\LAB DE MICRO\ASSEMBLER\P3.X\DISPLAY.ASM 41 : Found opcode in column 1. (RETLW)
Warning[203] C:\USERS\USER\DOCUMENTS\..USB\8° TRIMESTRE\LAB DE MICRO\ASSEMBLER\P3.X\DISPLAY.ASM 42 : Found opcode in column 1. (RETLW)
Warning[203] C:\USERS\USER\DOCUMENTS\..USB\8° TRIMESTRE\LAB DE MICRO\ASSEMBLER\P3.X\DISPLAY.ASM 43 : Found opcode in column 1. (RETLW)
Warning[203] C:\USERS\USER\DOCUMENTS\..USB\8° TRIMESTRE\LAB DE MICRO\ASSEMBLER\P3.X\DISPLAY.ASM 44 : Found opcode in column 1. (RETLW)
Warning[205] C:\USERS\USER\DOCUMENTS\..USB\8° TRIMESTRE\LAB DE MICRO\ASSEMBLER\P3.X\MAIN.ASM 81 : Found directive in column 1. (INCLUDE)
Warning[207] C:\USERS\USER\DOCUMENTS\..USB\8° TRIMESTRE\LAB DE MICRO\ASSEMBLER\P3.X\RETARDOS.ASM 20 : Found label after column 1. (retbucle1)
Warning[207] C:\USERS\USER\DOCUMENTS\..USB\8° TRIMESTRE\LAB DE MICRO\ASSEMBLER\P3.X\RETARDOS.ASM 23 : Found label after column 1. (retbucle2)
Warning[207] C:\USERS\USER\DOCUMENTS\..USB\8° TRIMESTRE\LAB DE MICRO\ASSEMBLER\P3.X\RETARDOS.ASM 26 : Found label after column 1. (retbucle3)
Warning[203] C:\USERS\USER\DOCUMENTS\..USB\8° TRIMESTRE\LAB DE MICRO\ASSEMBLER\P3.X\RETARDOS.ASM 35 : Found opcode in column 1. (RETURN)
Warning[207] C:\USERS\USER\DOCUMENTS\..USB\8° TRIMESTRE\LAB DE MICRO\ASSEMBLER\P3.X\RETARDOS.ASM 38 : Found label after column 1. (retbucle1a)
Warning[207] C:\USERS\USER\DOCUMENTS\..USB\8° TRIMESTRE\LAB DE MICRO\ASSEMBLER\P3.X\RETARDOS.ASM 41 : Found label after column 1. (retbucle2a)
Warning[207] C:\USERS\USER\DOCUMENTS\..USB\8° TRIMESTRE\LAB DE MICRO\ASSEMBLER\P3.X\RETARDOS.ASM 44 : Found label after column 1. (retbucle3a)
Warning[207] C:\USERS\USER\DOCUMENTS\..USB\8° TRIMESTRE\LAB DE MICRO\ASSEMBLER\P3.X\RETARDOS.ASM 47 : Found label after column 1. (retbucle4a)
Warning[203] C:\USERS\USER\DOCUMENTS\..USB\8° TRIMESTRE\LAB DE MICRO\ASSEMBLER\P3.X\RETARDOS.ASM 57 : Found opcode in column 1. (RETURN)
Warning[205] C:\USERS\USER\DOCUMENTS\..USB\8° TRIMESTRE\LAB DE MICRO\ASSEMBLER\P3.X\MAIN.ASM 83 : Found directive in column 1. (END)
