Warning[205] C:\USERS\USER\DOCUMENTS\..USB\8° TRIMESTRE\LAB DE MICRO\ASSEMBLER\P1.X\MAIN.ASM 2 : Found directive in column 1. (__CONFIG)
Warning[205] C:\USERS\USER\DOCUMENTS\..USB\8° TRIMESTRE\LAB DE MICRO\ASSEMBLER\P1.X\MAIN.ASM 3 : Found directive in column 1. (LIST)
Warning[205] C:\USERS\USER\DOCUMENTS\..USB\8° TRIMESTRE\LAB DE MICRO\ASSEMBLER\P1.X\MAIN.ASM 4 : Found directive in column 1. (ORG)
Warning[203] C:\USERS\USER\DOCUMENTS\..USB\8° TRIMESTRE\LAB DE MICRO\ASSEMBLER\P1.X\MAIN.ASM 10 : Found opcode in column 1. (BSF)
Warning[203] C:\USERS\USER\DOCUMENTS\..USB\8° TRIMESTRE\LAB DE MICRO\ASSEMBLER\P1.X\MAIN.ASM 11 : Found opcode in column 1. (BCF)
Message[302] C:\USERS\USER\DOCUMENTS\..USB\8° TRIMESTRE\LAB DE MICRO\ASSEMBLER\P1.X\MAIN.ASM 11 : Register in operand not in bank 0.  Ensure that bank bits are correct.
Warning[203] C:\USERS\USER\DOCUMENTS\..USB\8° TRIMESTRE\LAB DE MICRO\ASSEMBLER\P1.X\MAIN.ASM 12 : Found opcode in column 1. (BCF)
Message[302] C:\USERS\USER\DOCUMENTS\..USB\8° TRIMESTRE\LAB DE MICRO\ASSEMBLER\P1.X\MAIN.ASM 12 : Register in operand not in bank 0.  Ensure that bank bits are correct.
Warning[203] C:\USERS\USER\DOCUMENTS\..USB\8° TRIMESTRE\LAB DE MICRO\ASSEMBLER\P1.X\MAIN.ASM 13 : Found opcode in column 1. (BCF)
Warning[203] C:\USERS\USER\DOCUMENTS\..USB\8° TRIMESTRE\LAB DE MICRO\ASSEMBLER\P1.X\MAIN.ASM 15 : Found opcode in column 1. (BCF)
Warning[203] C:\USERS\USER\DOCUMENTS\..USB\8° TRIMESTRE\LAB DE MICRO\ASSEMBLER\P1.X\MAIN.ASM 16 : Found opcode in column 1. (BCF)
Warning[203] C:\USERS\USER\DOCUMENTS\..USB\8° TRIMESTRE\LAB DE MICRO\ASSEMBLER\P1.X\MAIN.ASM 19 : Found opcode in column 1. (BSF)
Warning[203] C:\USERS\USER\DOCUMENTS\..USB\8° TRIMESTRE\LAB DE MICRO\ASSEMBLER\P1.X\MAIN.ASM 20 : Found opcode in column 1. (BCF)
Warning[203] C:\USERS\USER\DOCUMENTS\..USB\8° TRIMESTRE\LAB DE MICRO\ASSEMBLER\P1.X\MAIN.ASM 21 : Found opcode in column 1. (CALL)
Warning[203] C:\USERS\USER\DOCUMENTS\..USB\8° TRIMESTRE\LAB DE MICRO\ASSEMBLER\P1.X\MAIN.ASM 22 : Found opcode in column 1. (BCF)
Warning[203] C:\USERS\USER\DOCUMENTS\..USB\8° TRIMESTRE\LAB DE MICRO\ASSEMBLER\P1.X\MAIN.ASM 23 : Found opcode in column 1. (BSF)
Warning[203] C:\USERS\USER\DOCUMENTS\..USB\8° TRIMESTRE\LAB DE MICRO\ASSEMBLER\P1.X\MAIN.ASM 24 : Found opcode in column 1. (CALL)
Warning[203] C:\USERS\USER\DOCUMENTS\..USB\8° TRIMESTRE\LAB DE MICRO\ASSEMBLER\P1.X\MAIN.ASM 25 : Found opcode in column 1. (GOTO)
Warning[203] C:\USERS\USER\DOCUMENTS\..USB\8° TRIMESTRE\LAB DE MICRO\ASSEMBLER\P1.X\MAIN.ASM 29 : Found opcode in column 1. (MOVLW)
Warning[203] C:\USERS\USER\DOCUMENTS\..USB\8° TRIMESTRE\LAB DE MICRO\ASSEMBLER\P1.X\MAIN.ASM 30 : Found opcode in column 1. (MOVWF)
Warning[203] C:\USERS\USER\DOCUMENTS\..USB\8° TRIMESTRE\LAB DE MICRO\ASSEMBLER\P1.X\MAIN.ASM 32 : Found opcode in column 1. (MOVLW)
Warning[203] C:\USERS\USER\DOCUMENTS\..USB\8° TRIMESTRE\LAB DE MICRO\ASSEMBLER\P1.X\MAIN.ASM 33 : Found opcode in column 1. (MOVWF)
Warning[203] C:\USERS\USER\DOCUMENTS\..USB\8° TRIMESTRE\LAB DE MICRO\ASSEMBLER\P1.X\MAIN.ASM 35 : Found opcode in column 1. (MOVLW)
Warning[203] C:\USERS\USER\DOCUMENTS\..USB\8° TRIMESTRE\LAB DE MICRO\ASSEMBLER\P1.X\MAIN.ASM 36 : Found opcode in column 1. (MOVWF)
Warning[203] C:\USERS\USER\DOCUMENTS\..USB\8° TRIMESTRE\LAB DE MICRO\ASSEMBLER\P1.X\MAIN.ASM 38 : Found opcode in column 1. (DECFSZ)
Warning[203] C:\USERS\USER\DOCUMENTS\..USB\8° TRIMESTRE\LAB DE MICRO\ASSEMBLER\P1.X\MAIN.ASM 39 : Found opcode in column 1. (GOTO)
Warning[203] C:\USERS\USER\DOCUMENTS\..USB\8° TRIMESTRE\LAB DE MICRO\ASSEMBLER\P1.X\MAIN.ASM 40 : Found opcode in column 1. (DECFSZ)
Warning[203] C:\USERS\USER\DOCUMENTS\..USB\8° TRIMESTRE\LAB DE MICRO\ASSEMBLER\P1.X\MAIN.ASM 41 : Found opcode in column 1. (GOTO)
Warning[203] C:\USERS\USER\DOCUMENTS\..USB\8° TRIMESTRE\LAB DE MICRO\ASSEMBLER\P1.X\MAIN.ASM 42 : Found opcode in column 1. (DECFSZ)
Warning[203] C:\USERS\USER\DOCUMENTS\..USB\8° TRIMESTRE\LAB DE MICRO\ASSEMBLER\P1.X\MAIN.ASM 43 : Found opcode in column 1. (GOTO)
Warning[203] C:\USERS\USER\DOCUMENTS\..USB\8° TRIMESTRE\LAB DE MICRO\ASSEMBLER\P1.X\MAIN.ASM 44 : Found opcode in column 1. (RETURN)
Warning[205] C:\USERS\USER\DOCUMENTS\..USB\8° TRIMESTRE\LAB DE MICRO\ASSEMBLER\P1.X\MAIN.ASM 46 : Found directive in column 1. (END)
